\BOOKMARK [0][-]{chapter*.1}{Acknowledgments}{}% 1
\BOOKMARK [0][-]{chapter*.2}{Abstract}{}% 2
\BOOKMARK [0][-]{chapter*.4}{List of Tables}{}% 3
\BOOKMARK [0][-]{chapter*.5}{List of Figures}{}% 4
\BOOKMARK [0][-]{chapter.1}{Introduction}{}% 5
\BOOKMARK [0][-]{chapter.2}{Decoherence and EPR correlations}{}% 6
\BOOKMARK [1][-]{section.2.1}{Introduction}{chapter.2}% 7
\BOOKMARK [0][-]{chapter.3}{B physics concepts}{}% 8
\BOOKMARK [1][-]{section.3.1}{Introduction}{chapter.3}% 9
\BOOKMARK [1][-]{section.3.2}{Decoherence in B physics}{chapter.3}% 10
\BOOKMARK [2][-]{subsection.3.2.1}{An open BbarB system}{section.3.2}% 11
\BOOKMARK [2][-]{subsection.3.2.2}{Open system BbarB dynamics}{section.3.2}% 12
\BOOKMARK [2][-]{subsection.3.2.3}{Observable for \(21\)}{section.3.2}% 13
\BOOKMARK [2][-]{subsection.3.2.4}{Observable in BbarB mixing}{section.3.2}% 14
\BOOKMARK [0][-]{chapter.4}{KEKB and Belle}{}% 15
\BOOKMARK [1][-]{section.4.1}{Introduction}{chapter.4}% 16
\BOOKMARK [0][-]{chapter.5}{Event selection}{}% 17
\BOOKMARK [1][-]{section.5.1}{Introduction}{chapter.5}% 18
\BOOKMARK [0][-]{chapter.6}{Systematic uncertainties}{}% 19
\BOOKMARK [1][-]{section.6.1}{Introduction}{chapter.6}% 20
\BOOKMARK [0][-]{chapter.7}{Results}{}% 21
\BOOKMARK [1][-]{section.7.1}{Introduction}{chapter.7}% 22
\BOOKMARK [0][-]{chapter.8}{Discussion and outlook}{}% 23
\BOOKMARK [0][-]{appendix*.7}{Bibliography}{}% 24
